<?xml version="1.0" encoding="UTF-8"?>
<testng-results skipped="0" failed="0" total="1" passed="1">
  <reporter-output>
  </reporter-output>
  <suite name="Default suite" duration-ms="9274" started-at="2019-02-24T10:27:44Z" finished-at="2019-02-24T10:27:53Z">
    <groups>
    </groups>
    <test name="Default test" duration-ms="9274" started-at="2019-02-24T10:27:44Z" finished-at="2019-02-24T10:27:53Z">
      <class name="Webdriver_API.TextBox">
        <test-method status="PASS" signature="beforeClass()[pri:0, instance:Webdriver_API.TextBox@6574b225]" name="beforeClass" is-config="true" duration-ms="6150" started-at="2019-02-24T17:27:44Z" finished-at="2019-02-24T17:27:50Z">
          <reporter-output>
          </reporter-output>
        </test-method> <!-- beforeClass -->
        <test-method status="PASS" signature="testCase02()[pri:0, instance:Webdriver_API.TextBox@6574b225]" name="testCase02" duration-ms="2181" started-at="2019-02-24T17:27:50Z" finished-at="2019-02-24T17:27:52Z">
          <reporter-output>
          </reporter-output>
        </test-method> <!-- testCase02 -->
        <test-method status="PASS" signature="afterClass()[pri:0, instance:Webdriver_API.TextBox@6574b225]" name="afterClass" is-config="true" duration-ms="920" started-at="2019-02-24T17:27:52Z" finished-at="2019-02-24T17:27:53Z">
          <reporter-output>
          </reporter-output>
        </test-method> <!-- afterClass -->
      </class> <!-- Webdriver_API.TextBox -->
    </test> <!-- Default test -->
  </suite> <!-- Default suite -->
</testng-results>
